00000000
00000000
00000000
00000000
00000000
00000000
00000000
00000000
00000000
00000000
00000000
00000000
00000001
00000100
00010000
01000000
00000000
00000000
00000000
00000000
00000000
00000000
00000000
00000000
00000000
00000000
00000000
00000000
00000001
00000100
00010000
01000000
00000000
00000000
00000000
00000000
00000000
00000000
00000000
00000000
00000000
00000000
00000000
00000000
00000001
00000100
00010000
01000000
00000000
00000000
00000000
00000000
00000000
00000000
00000000
00000000
00000000
00000000
00000000
00000000
00000001
00000100
00010000
01000000
10001001
00001000
01010001
00011010
00100000
10011010
01101001
00011000
10000100
00101000
10101001
00010010
01010110
01000110
00100001
00100001
00100101
10000000
00100001
10001000
00010100
00100101
01010010
10101001
01001001
00000100
01000010
10001010
10000000
10000010
01001001
10101001
